2024-08-12 20:52:43.164  INFO 14196 --- [main] c.s.hotelreservation.EndpointsTest       : Starting EndpointsTest using Java 17.0.6 on DESKTOP-6AQ08G9 with PID 14196 (started by Hp in C:\Users\Hp\EclipseDemo\hotelreservation)
2024-08-12 20:52:43.172 DEBUG 14196 --- [main] c.s.hotelreservation.EndpointsTest       : Running with Spring Boot v2.7.9, Spring v5.3.25
2024-08-12 20:52:43.173  INFO 14196 --- [main] c.s.hotelreservation.EndpointsTest       : No active profile set, falling back to 1 default profile: "default"
2024-08-12 20:52:44.455  INFO 14196 --- [main] ptablePropertiesBeanFactoryPostProcessor : Post-processing PropertySource instances
2024-08-12 20:52:44.458  INFO 14196 --- [main] c.u.j.EncryptablePropertySourceConverter : Converting PropertySource Annotations [org.springframework.boot.test.autoconfigure.properties.AnnotationsPropertySource] to EncryptableEnumerablePropertySourceWrapper
2024-08-12 20:52:44.462  INFO 14196 --- [main] c.u.j.EncryptablePropertySourceConverter : Skipping PropertySource configurationProperties [class org.springframework.boot.context.properties.source.ConfigurationPropertySourcesPropertySource
2024-08-12 20:52:44.462  INFO 14196 --- [main] c.u.j.EncryptablePropertySourceConverter : Converting PropertySource test [org.springframework.core.env.MapPropertySource] to EncryptableMapPropertySourceWrapper
2024-08-12 20:52:44.462  INFO 14196 --- [main] c.u.j.EncryptablePropertySourceConverter : Converting PropertySource Inlined Test Properties [org.springframework.core.env.MapPropertySource] to EncryptableMapPropertySourceWrapper
2024-08-12 20:52:44.462  INFO 14196 --- [main] c.u.j.EncryptablePropertySourceConverter : Skipping PropertySource servletConfigInitParams [class org.springframework.core.env.PropertySource$StubPropertySource
2024-08-12 20:52:44.463  INFO 14196 --- [main] c.u.j.EncryptablePropertySourceConverter : Converting PropertySource servletContextInitParams [org.springframework.web.context.support.ServletContextPropertySource] to EncryptableEnumerablePropertySourceWrapper
2024-08-12 20:52:44.463  INFO 14196 --- [main] c.u.j.EncryptablePropertySourceConverter : Converting PropertySource systemProperties [org.springframework.core.env.PropertiesPropertySource] to EncryptableMapPropertySourceWrapper
2024-08-12 20:52:44.463  INFO 14196 --- [main] c.u.j.EncryptablePropertySourceConverter : Converting PropertySource systemEnvironment [org.springframework.boot.env.SystemEnvironmentPropertySourceEnvironmentPostProcessor$OriginAwareSystemEnvironmentPropertySource] to EncryptableSystemEnvironmentPropertySourceWrapper
2024-08-12 20:52:44.464  INFO 14196 --- [main] c.u.j.EncryptablePropertySourceConverter : Converting PropertySource random [org.springframework.boot.env.RandomValuePropertySource] to EncryptablePropertySourceWrapper
2024-08-12 20:52:44.464  INFO 14196 --- [main] c.u.j.EncryptablePropertySourceConverter : Converting PropertySource Config resource 'class path resource [application.properties]' via location 'optional:classpath:/' [org.springframework.boot.env.OriginTrackedMapPropertySource] to EncryptableMapPropertySourceWrapper
2024-08-12 20:52:45.837  INFO 14196 --- [main] c.u.j.filter.DefaultLazyPropertyFilter   : Property Filter custom Bean not found with name 'encryptablePropertyFilter'. Initializing Default Property Filter
2024-08-12 20:52:45.869  INFO 14196 --- [main] c.u.j.r.DefaultLazyPropertyResolver      : Property Resolver custom Bean not found with name 'encryptablePropertyResolver'. Initializing Default Property Resolver
2024-08-12 20:52:45.875  INFO 14196 --- [main] c.u.j.d.DefaultLazyPropertyDetector      : Property Detector custom Bean not found with name 'encryptablePropertyDetector'. Initializing Default Property Detector
2024-08-12 20:52:46.989  INFO 14196 --- [main] pertySourcedRequestMappingHandlerMapping : Mapped URL path [/v2/api-docs] onto method [springfox.documentation.swagger2.web.Swagger2Controller#getDocumentation(String, HttpServletRequest)]
2024-08-12 20:52:47.543  INFO 14196 --- [main] o.s.s.web.DefaultSecurityFilterChain     : Will secure any request with [org.springframework.security.web.session.DisableEncodeUrlFilter@596afb2f, org.springframework.security.web.context.request.async.WebAsyncManagerIntegrationFilter@79ba0285, org.springframework.security.web.context.SecurityContextPersistenceFilter@54275b5d, org.springframework.security.web.header.HeaderWriterFilter@c4cceb, org.springframework.security.web.authentication.logout.LogoutFilter@1c2096c6, org.springframework.security.web.authentication.www.BasicAuthenticationFilter@100807ca, org.springframework.security.web.savedrequest.RequestCacheAwareFilter@ff21443, org.springframework.security.web.servletapi.SecurityContextHolderAwareRequestFilter@16ccd2bc, org.springframework.security.web.authentication.AnonymousAuthenticationFilter@6df2a206, org.springframework.security.web.session.SessionManagementFilter@9dc782d, org.springframework.security.web.access.ExceptionTranslationFilter@15f519f7, org.springframework.security.web.access.intercept.FilterSecurityInterceptor@44aeae34]
2024-08-12 20:52:48.448  INFO 14196 --- [main] o.s.b.t.m.w.SpringBootMockServletContext : Initializing Spring TestDispatcherServlet ''
2024-08-12 20:52:48.448  INFO 14196 --- [main] o.s.t.web.servlet.TestDispatcherServlet  : Initializing Servlet ''
2024-08-12 20:52:48.451  INFO 14196 --- [main] o.s.t.web.servlet.TestDispatcherServlet  : Completed initialization in 2 ms
2024-08-12 20:52:48.502  INFO 14196 --- [main] d.s.w.p.DocumentationPluginsBootstrapper : Context refreshed
2024-08-12 20:52:48.577  INFO 14196 --- [main] d.s.w.p.DocumentationPluginsBootstrapper : Found 1 custom documentation plugin(s)
2024-08-12 20:52:48.639  INFO 14196 --- [main] s.d.s.w.s.ApiListingReferenceScanner     : Scanning for api listing references
2024-08-12 20:52:49.060  INFO 14196 --- [main] c.s.hotelreservation.EndpointsTest       : Started EndpointsTest in 6.641 seconds (JVM running for 7.824)
2024-08-12 20:52:49.349  INFO 14196 --- [main] .b.t.c.SpringBootTestContextBootstrapper : Neither @ContextConfiguration nor @ContextHierarchy found for test class [com.springboot.hotelreservation.HotelreservationApplicationTests], using SpringBootContextLoader
2024-08-12 20:52:49.350  INFO 14196 --- [main] o.s.t.c.support.AbstractContextLoader    : Could not detect default resource locations for test class [com.springboot.hotelreservation.HotelreservationApplicationTests]: no resource found for suffixes {-context.xml, Context.groovy}.
2024-08-12 20:52:49.351  INFO 14196 --- [main] t.c.s.AnnotationConfigContextLoaderUtils : Could not detect default configuration classes for test class [com.springboot.hotelreservation.HotelreservationApplicationTests]: HotelreservationApplicationTests does not declare any static, non-private, non-final, nested classes annotated with @Configuration.
2024-08-12 20:52:49.362  INFO 14196 --- [main] .b.t.c.SpringBootTestContextBootstrapper : Found @SpringBootConfiguration com.springboot.hotelreservation.HotelreservationApplication for test class com.springboot.hotelreservation.HotelreservationApplicationTests
2024-08-12 20:52:49.376  INFO 14196 --- [main] .b.t.c.SpringBootTestContextBootstrapper : Loaded default TestExecutionListener class names from location [META-INF/spring.factories]: [org.springframework.boot.test.mock.mockito.MockitoTestExecutionListener, org.springframework.boot.test.mock.mockito.ResetMocksTestExecutionListener, org.springframework.boot.test.autoconfigure.restdocs.RestDocsTestExecutionListener, org.springframework.boot.test.autoconfigure.web.client.MockRestServiceServerResetTestExecutionListener, org.springframework.boot.test.autoconfigure.web.servlet.MockMvcPrintOnlyOnFailureTestExecutionListener, org.springframework.boot.test.autoconfigure.web.servlet.WebDriverTestExecutionListener, org.springframework.boot.test.autoconfigure.webservices.client.MockWebServiceServerTestExecutionListener, org.springframework.test.context.web.ServletTestExecutionListener, org.springframework.test.context.support.DirtiesContextBeforeModesTestExecutionListener, org.springframework.test.context.event.ApplicationEventsTestExecutionListener, org.springframework.test.context.support.DependencyInjectionTestExecutionListener, org.springframework.test.context.support.DirtiesContextTestExecutionListener, org.springframework.test.context.transaction.TransactionalTestExecutionListener, org.springframework.test.context.jdbc.SqlScriptsTestExecutionListener, org.springframework.test.context.event.EventPublishingTestExecutionListener]
2024-08-12 20:52:49.377  INFO 14196 --- [main] .b.t.c.SpringBootTestContextBootstrapper : Using TestExecutionListeners: [org.springframework.test.context.web.ServletTestExecutionListener@28a3fc34, org.springframework.test.context.support.DirtiesContextBeforeModesTestExecutionListener@7582a16b, org.springframework.test.context.event.ApplicationEventsTestExecutionListener@4dd752e8, org.springframework.boot.test.mock.mockito.MockitoTestExecutionListener@62c46e53, org.springframework.boot.test.autoconfigure.SpringBootDependencyInjectionTestExecutionListener@55317c63, org.springframework.test.context.support.DirtiesContextTestExecutionListener@35d81657, org.springframework.test.context.transaction.TransactionalTestExecutionListener@42ef5216, org.springframework.test.context.jdbc.SqlScriptsTestExecutionListener@3180aee, org.springframework.test.context.event.EventPublishingTestExecutionListener@5d94ac8a, org.springframework.boot.test.mock.mockito.ResetMocksTestExecutionListener@288b73c1, org.springframework.boot.test.autoconfigure.restdocs.RestDocsTestExecutionListener@104cfb24, org.springframework.boot.test.autoconfigure.web.client.MockRestServiceServerResetTestExecutionListener@5340ccb9, org.springframework.boot.test.autoconfigure.web.servlet.MockMvcPrintOnlyOnFailureTestExecutionListener@2bc8caa7, org.springframework.boot.test.autoconfigure.web.servlet.WebDriverTestExecutionListener@582ea164, org.springframework.boot.test.autoconfigure.webservices.client.MockWebServiceServerTestExecutionListener@2fccf49e]
2024-08-12 20:52:49.520  INFO 14196 --- [main] c.s.h.HotelreservationApplicationTests   : Starting HotelreservationApplicationTests using Java 17.0.6 on DESKTOP-6AQ08G9 with PID 14196 (started by Hp in C:\Users\Hp\EclipseDemo\hotelreservation)
2024-08-12 20:52:49.521 DEBUG 14196 --- [main] c.s.h.HotelreservationApplicationTests   : Running with Spring Boot v2.7.9, Spring v5.3.25
2024-08-12 20:52:49.523  INFO 14196 --- [main] c.s.h.HotelreservationApplicationTests   : No active profile set, falling back to 1 default profile: "default"
2024-08-12 20:52:50.340  INFO 14196 --- [main] .s.d.r.c.RepositoryConfigurationDelegate : Bootstrapping Spring Data JPA repositories in DEFAULT mode.
2024-08-12 20:52:50.701  INFO 14196 --- [main] .s.d.r.c.RepositoryConfigurationDelegate : Finished Spring Data repository scanning in 334 ms. Found 3 JPA repository interfaces.
2024-08-12 20:52:51.043  INFO 14196 --- [main] ptablePropertiesBeanFactoryPostProcessor : Post-processing PropertySource instances
2024-08-12 20:52:51.044  INFO 14196 --- [main] c.u.j.EncryptablePropertySourceConverter : Skipping PropertySource configurationProperties [class org.springframework.boot.context.properties.source.ConfigurationPropertySourcesPropertySource
2024-08-12 20:52:51.045  INFO 14196 --- [main] c.u.j.EncryptablePropertySourceConverter : Converting PropertySource test [org.springframework.core.env.MapPropertySource] to EncryptableMapPropertySourceWrapper
2024-08-12 20:52:51.046  INFO 14196 --- [main] c.u.j.EncryptablePropertySourceConverter : Converting PropertySource Inlined Test Properties [org.springframework.core.env.MapPropertySource] to EncryptableMapPropertySourceWrapper
2024-08-12 20:52:51.047  INFO 14196 --- [main] c.u.j.EncryptablePropertySourceConverter : Skipping PropertySource servletConfigInitParams [class org.springframework.core.env.PropertySource$StubPropertySource
2024-08-12 20:52:51.048  INFO 14196 --- [main] c.u.j.EncryptablePropertySourceConverter : Converting PropertySource servletContextInitParams [org.springframework.web.context.support.ServletContextPropertySource] to EncryptableEnumerablePropertySourceWrapper
2024-08-12 20:52:51.049  INFO 14196 --- [main] c.u.j.EncryptablePropertySourceConverter : Converting PropertySource systemProperties [org.springframework.core.env.PropertiesPropertySource] to EncryptableMapPropertySourceWrapper
2024-08-12 20:52:51.051  INFO 14196 --- [main] c.u.j.EncryptablePropertySourceConverter : Converting PropertySource systemEnvironment [org.springframework.boot.env.SystemEnvironmentPropertySourceEnvironmentPostProcessor$OriginAwareSystemEnvironmentPropertySource] to EncryptableSystemEnvironmentPropertySourceWrapper
2024-08-12 20:52:51.051  INFO 14196 --- [main] c.u.j.EncryptablePropertySourceConverter : Converting PropertySource random [org.springframework.boot.env.RandomValuePropertySource] to EncryptablePropertySourceWrapper
2024-08-12 20:52:51.052  INFO 14196 --- [main] c.u.j.EncryptablePropertySourceConverter : Converting PropertySource Config resource 'class path resource [application.properties]' via location 'optional:classpath:/' [org.springframework.boot.env.OriginTrackedMapPropertySource] to EncryptableMapPropertySourceWrapper
2024-08-12 20:52:51.308  INFO 14196 --- [main] c.u.j.filter.DefaultLazyPropertyFilter   : Property Filter custom Bean not found with name 'encryptablePropertyFilter'. Initializing Default Property Filter
2024-08-12 20:52:51.317  INFO 14196 --- [main] c.u.j.r.DefaultLazyPropertyResolver      : Property Resolver custom Bean not found with name 'encryptablePropertyResolver'. Initializing Default Property Resolver
2024-08-12 20:52:51.317  INFO 14196 --- [main] c.u.j.d.DefaultLazyPropertyDetector      : Property Detector custom Bean not found with name 'encryptablePropertyDetector'. Initializing Default Property Detector
2024-08-12 20:52:51.330  INFO 14196 --- [main] c.u.j.encryptor.DefaultLazyEncryptor     : String Encryptor custom Bean not found with name 'jasyptStringEncryptor'. Initializing Default String Encryptor
2024-08-12 20:52:51.366  INFO 14196 --- [main] c.u.j.c.StringEncryptorBuilder           : Encryptor config not found for property jasypt.encryptor.algorithm, using default value: PBEWITHHMACSHA512ANDAES_256
2024-08-12 20:52:51.367  INFO 14196 --- [main] c.u.j.c.StringEncryptorBuilder           : Encryptor config not found for property jasypt.encryptor.key-obtention-iterations, using default value: 1000
2024-08-12 20:52:51.368  INFO 14196 --- [main] c.u.j.c.StringEncryptorBuilder           : Encryptor config not found for property jasypt.encryptor.pool-size, using default value: 1
2024-08-12 20:52:51.370  INFO 14196 --- [main] c.u.j.c.StringEncryptorBuilder           : Encryptor config not found for property jasypt.encryptor.provider-name, using default value: null
2024-08-12 20:52:51.371  INFO 14196 --- [main] c.u.j.c.StringEncryptorBuilder           : Encryptor config not found for property jasypt.encryptor.provider-class-name, using default value: null
2024-08-12 20:52:51.376  INFO 14196 --- [main] c.u.j.c.StringEncryptorBuilder           : Encryptor config not found for property jasypt.encryptor.salt-generator-classname, using default value: org.jasypt.salt.RandomSaltGenerator
2024-08-12 20:52:51.380  INFO 14196 --- [main] c.u.j.c.StringEncryptorBuilder           : Encryptor config not found for property jasypt.encryptor.iv-generator-classname, using default value: org.jasypt.iv.RandomIvGenerator
2024-08-12 20:52:51.392  INFO 14196 --- [main] c.u.j.c.StringEncryptorBuilder           : Encryptor config not found for property jasypt.encryptor.string-output-type, using default value: base64
2024-08-12 20:52:51.940  INFO 14196 --- [main] o.hibernate.jpa.internal.util.LogHelper  : HHH000204: Processing PersistenceUnitInfo [name: default]
2024-08-12 20:52:52.079  INFO 14196 --- [main] org.hibernate.Version                    : HHH000412: Hibernate ORM core version 5.6.15.Final
2024-08-12 20:52:52.185  INFO 14196 --- [main] o.hibernate.annotations.common.Version   : HCANN000001: Hibernate Commons Annotations {5.1.2.Final}
2024-08-12 20:52:52.417  INFO 14196 --- [main] com.zaxxer.hikari.HikariDataSource       : HikariPool-1 - Starting...
2024-08-12 20:52:52.956  INFO 14196 --- [main] com.zaxxer.hikari.HikariDataSource       : HikariPool-1 - Start completed.
2024-08-12 20:52:52.986  INFO 14196 --- [main] org.hibernate.dialect.Dialect            : HHH000400: Using dialect: org.hibernate.dialect.SQLServerDialect
2024-08-12 20:52:54.080  INFO 14196 --- [main] o.h.e.t.j.p.i.JtaPlatformInitiator       : HHH000490: Using JtaPlatform implementation: [org.hibernate.engine.transaction.jta.platform.internal.NoJtaPlatform]
2024-08-12 20:52:54.101  INFO 14196 --- [main] j.LocalContainerEntityManagerFactoryBean : Initialized JPA EntityManagerFactory for persistence unit 'default'
2024-08-12 20:52:54.179  WARN 14196 --- [main] JpaBaseConfiguration$JpaWebConfiguration : spring.jpa.open-in-view is enabled by default. Therefore, database queries may be performed during view rendering. Explicitly configure spring.jpa.open-in-view to disable this warning
2024-08-12 20:52:55.374  INFO 14196 --- [main] pertySourcedRequestMappingHandlerMapping : Mapped URL path [/v2/api-docs] onto method [springfox.documentation.swagger2.web.Swagger2Controller#getDocumentation(String, HttpServletRequest)]
2024-08-12 20:52:55.565  INFO 14196 --- [main] o.s.s.web.DefaultSecurityFilterChain     : Will secure any request with [org.springframework.security.web.session.DisableEncodeUrlFilter@4235e01b, org.springframework.security.web.context.request.async.WebAsyncManagerIntegrationFilter@4ed096cc, org.springframework.security.web.context.SecurityContextPersistenceFilter@24c6a471, org.springframework.security.web.header.HeaderWriterFilter@3da76d3a, org.springframework.security.web.authentication.logout.LogoutFilter@7334dcbe, org.springframework.security.web.authentication.www.BasicAuthenticationFilter@3c9e82a6, org.springframework.security.web.savedrequest.RequestCacheAwareFilter@1fce17b8, org.springframework.security.web.servletapi.SecurityContextHolderAwareRequestFilter@190677c6, org.springframework.security.web.authentication.AnonymousAuthenticationFilter@b24e21f, org.springframework.security.web.session.SessionManagementFilter@167da81d, org.springframework.security.web.access.ExceptionTranslationFilter@36d1ac55, org.springframework.security.web.access.intercept.FilterSecurityInterceptor@5e136445]
2024-08-12 20:52:56.343  INFO 14196 --- [main] d.s.w.p.DocumentationPluginsBootstrapper : Context refreshed
2024-08-12 20:52:56.345  INFO 14196 --- [main] d.s.w.p.DocumentationPluginsBootstrapper : Found 1 custom documentation plugin(s)
2024-08-12 20:52:56.358  INFO 14196 --- [main] s.d.s.w.s.ApiListingReferenceScanner     : Scanning for api listing references
2024-08-12 20:52:56.433  INFO 14196 --- [main] c.s.h.HotelreservationApplicationTests   : Started HotelreservationApplicationTests in 7.048 seconds (JVM running for 15.197)
2024-08-12 20:52:56.516  INFO 14196 --- [SpringApplicationShutdownHook] j.LocalContainerEntityManagerFactoryBean : Closing JPA EntityManagerFactory for persistence unit 'default'
2024-08-12 20:52:56.524  INFO 14196 --- [SpringApplicationShutdownHook] com.zaxxer.hikari.HikariDataSource       : HikariPool-1 - Shutdown initiated...
2024-08-12 20:52:56.555  INFO 14196 --- [SpringApplicationShutdownHook] com.zaxxer.hikari.HikariDataSource       : HikariPool-1 - Shutdown completed.
2024-08-12 20:55:05.714  INFO 25232 --- [main] c.s.hotelreservation.EndpointsTest       : Starting EndpointsTest using Java 17.0.6 on DESKTOP-6AQ08G9 with PID 25232 (started by Hp in C:\Users\Hp\EclipseDemo\hotelreservation)
2024-08-12 20:55:05.717 DEBUG 25232 --- [main] c.s.hotelreservation.EndpointsTest       : Running with Spring Boot v2.7.9, Spring v5.3.25
2024-08-12 20:55:05.718  INFO 25232 --- [main] c.s.hotelreservation.EndpointsTest       : No active profile set, falling back to 1 default profile: "default"
2024-08-12 20:55:07.056  INFO 25232 --- [main] ptablePropertiesBeanFactoryPostProcessor : Post-processing PropertySource instances
2024-08-12 20:55:07.061  INFO 25232 --- [main] c.u.j.EncryptablePropertySourceConverter : Converting PropertySource Annotations [org.springframework.boot.test.autoconfigure.properties.AnnotationsPropertySource] to EncryptableEnumerablePropertySourceWrapper
2024-08-12 20:55:07.064  INFO 25232 --- [main] c.u.j.EncryptablePropertySourceConverter : Skipping PropertySource configurationProperties [class org.springframework.boot.context.properties.source.ConfigurationPropertySourcesPropertySource
2024-08-12 20:55:07.064  INFO 25232 --- [main] c.u.j.EncryptablePropertySourceConverter : Converting PropertySource test [org.springframework.core.env.MapPropertySource] to EncryptableMapPropertySourceWrapper
2024-08-12 20:55:07.065  INFO 25232 --- [main] c.u.j.EncryptablePropertySourceConverter : Converting PropertySource Inlined Test Properties [org.springframework.core.env.MapPropertySource] to EncryptableMapPropertySourceWrapper
2024-08-12 20:55:07.067  INFO 25232 --- [main] c.u.j.EncryptablePropertySourceConverter : Skipping PropertySource servletConfigInitParams [class org.springframework.core.env.PropertySource$StubPropertySource
2024-08-12 20:55:07.068  INFO 25232 --- [main] c.u.j.EncryptablePropertySourceConverter : Converting PropertySource servletContextInitParams [org.springframework.web.context.support.ServletContextPropertySource] to EncryptableEnumerablePropertySourceWrapper
2024-08-12 20:55:07.068  INFO 25232 --- [main] c.u.j.EncryptablePropertySourceConverter : Converting PropertySource systemProperties [org.springframework.core.env.PropertiesPropertySource] to EncryptableMapPropertySourceWrapper
2024-08-12 20:55:07.068  INFO 25232 --- [main] c.u.j.EncryptablePropertySourceConverter : Converting PropertySource systemEnvironment [org.springframework.boot.env.SystemEnvironmentPropertySourceEnvironmentPostProcessor$OriginAwareSystemEnvironmentPropertySource] to EncryptableSystemEnvironmentPropertySourceWrapper
2024-08-12 20:55:07.069  INFO 25232 --- [main] c.u.j.EncryptablePropertySourceConverter : Converting PropertySource random [org.springframework.boot.env.RandomValuePropertySource] to EncryptablePropertySourceWrapper
2024-08-12 20:55:07.073  INFO 25232 --- [main] c.u.j.EncryptablePropertySourceConverter : Converting PropertySource Config resource 'class path resource [application.properties]' via location 'optional:classpath:/' [org.springframework.boot.env.OriginTrackedMapPropertySource] to EncryptableMapPropertySourceWrapper
2024-08-12 20:55:08.485  INFO 25232 --- [main] c.u.j.filter.DefaultLazyPropertyFilter   : Property Filter custom Bean not found with name 'encryptablePropertyFilter'. Initializing Default Property Filter
2024-08-12 20:55:08.517  INFO 25232 --- [main] c.u.j.r.DefaultLazyPropertyResolver      : Property Resolver custom Bean not found with name 'encryptablePropertyResolver'. Initializing Default Property Resolver
2024-08-12 20:55:08.522  INFO 25232 --- [main] c.u.j.d.DefaultLazyPropertyDetector      : Property Detector custom Bean not found with name 'encryptablePropertyDetector'. Initializing Default Property Detector
2024-08-12 20:55:09.595  INFO 25232 --- [main] pertySourcedRequestMappingHandlerMapping : Mapped URL path [/v2/api-docs] onto method [springfox.documentation.swagger2.web.Swagger2Controller#getDocumentation(String, HttpServletRequest)]
2024-08-12 20:55:10.158  INFO 25232 --- [main] o.s.s.web.DefaultSecurityFilterChain     : Will secure any request with [org.springframework.security.web.session.DisableEncodeUrlFilter@70c205bf, org.springframework.security.web.context.request.async.WebAsyncManagerIntegrationFilter@43ab9ae9, org.springframework.security.web.context.SecurityContextPersistenceFilter@9dc782d, org.springframework.security.web.header.HeaderWriterFilter@4bf8b77, org.springframework.security.web.authentication.logout.LogoutFilter@1c90029b, org.springframework.security.web.authentication.www.BasicAuthenticationFilter@7a1ddbf1, org.springframework.security.web.savedrequest.RequestCacheAwareFilter@3ff8a3ad, org.springframework.security.web.servletapi.SecurityContextHolderAwareRequestFilter@ff21443, org.springframework.security.web.authentication.AnonymousAuthenticationFilter@2520aa05, org.springframework.security.web.session.SessionManagementFilter@50b4364, org.springframework.security.web.access.ExceptionTranslationFilter@1dca62c2, org.springframework.security.web.access.intercept.FilterSecurityInterceptor@b32e983]
2024-08-12 20:55:11.152  INFO 25232 --- [main] o.s.b.t.m.w.SpringBootMockServletContext : Initializing Spring TestDispatcherServlet ''
2024-08-12 20:55:11.153  INFO 25232 --- [main] o.s.t.web.servlet.TestDispatcherServlet  : Initializing Servlet ''
2024-08-12 20:55:11.157  INFO 25232 --- [main] o.s.t.web.servlet.TestDispatcherServlet  : Completed initialization in 3 ms
2024-08-12 20:55:11.206  INFO 25232 --- [main] d.s.w.p.DocumentationPluginsBootstrapper : Context refreshed
2024-08-12 20:55:11.266  INFO 25232 --- [main] d.s.w.p.DocumentationPluginsBootstrapper : Found 1 custom documentation plugin(s)
2024-08-12 20:55:11.330  INFO 25232 --- [main] s.d.s.w.s.ApiListingReferenceScanner     : Scanning for api listing references
2024-08-12 20:55:11.671  INFO 25232 --- [main] c.s.hotelreservation.EndpointsTest       : Started EndpointsTest in 6.588 seconds (JVM running for 7.931)
2024-08-12 20:55:11.909  INFO 25232 --- [main] .b.t.c.SpringBootTestContextBootstrapper : Neither @ContextConfiguration nor @ContextHierarchy found for test class [com.springboot.hotelreservation.HotelreservationApplicationTests], using SpringBootContextLoader
2024-08-12 20:55:11.910  INFO 25232 --- [main] o.s.t.c.support.AbstractContextLoader    : Could not detect default resource locations for test class [com.springboot.hotelreservation.HotelreservationApplicationTests]: no resource found for suffixes {-context.xml, Context.groovy}.
2024-08-12 20:55:11.911  INFO 25232 --- [main] t.c.s.AnnotationConfigContextLoaderUtils : Could not detect default configuration classes for test class [com.springboot.hotelreservation.HotelreservationApplicationTests]: HotelreservationApplicationTests does not declare any static, non-private, non-final, nested classes annotated with @Configuration.
2024-08-12 20:55:11.916  INFO 25232 --- [main] .b.t.c.SpringBootTestContextBootstrapper : Found @SpringBootConfiguration com.springboot.hotelreservation.HotelreservationApplication for test class com.springboot.hotelreservation.HotelreservationApplicationTests
2024-08-12 20:55:11.925  INFO 25232 --- [main] .b.t.c.SpringBootTestContextBootstrapper : Loaded default TestExecutionListener class names from location [META-INF/spring.factories]: [org.springframework.boot.test.mock.mockito.MockitoTestExecutionListener, org.springframework.boot.test.mock.mockito.ResetMocksTestExecutionListener, org.springframework.boot.test.autoconfigure.restdocs.RestDocsTestExecutionListener, org.springframework.boot.test.autoconfigure.web.client.MockRestServiceServerResetTestExecutionListener, org.springframework.boot.test.autoconfigure.web.servlet.MockMvcPrintOnlyOnFailureTestExecutionListener, org.springframework.boot.test.autoconfigure.web.servlet.WebDriverTestExecutionListener, org.springframework.boot.test.autoconfigure.webservices.client.MockWebServiceServerTestExecutionListener, org.springframework.test.context.web.ServletTestExecutionListener, org.springframework.test.context.support.DirtiesContextBeforeModesTestExecutionListener, org.springframework.test.context.event.ApplicationEventsTestExecutionListener, org.springframework.test.context.support.DependencyInjectionTestExecutionListener, org.springframework.test.context.support.DirtiesContextTestExecutionListener, org.springframework.test.context.transaction.TransactionalTestExecutionListener, org.springframework.test.context.jdbc.SqlScriptsTestExecutionListener, org.springframework.test.context.event.EventPublishingTestExecutionListener]
2024-08-12 20:55:11.926  INFO 25232 --- [main] .b.t.c.SpringBootTestContextBootstrapper : Using TestExecutionListeners: [org.springframework.test.context.web.ServletTestExecutionListener@4d770bcd, org.springframework.test.context.support.DirtiesContextBeforeModesTestExecutionListener@fe156f4, org.springframework.test.context.event.ApplicationEventsTestExecutionListener@79b4cff, org.springframework.boot.test.mock.mockito.MockitoTestExecutionListener@58ac0823, org.springframework.boot.test.autoconfigure.SpringBootDependencyInjectionTestExecutionListener@2d705998, org.springframework.test.context.support.DirtiesContextTestExecutionListener@28a3fc34, org.springframework.test.context.transaction.TransactionalTestExecutionListener@7582a16b, org.springframework.test.context.jdbc.SqlScriptsTestExecutionListener@4dd752e8, org.springframework.test.context.event.EventPublishingTestExecutionListener@62c46e53, org.springframework.boot.test.mock.mockito.ResetMocksTestExecutionListener@55317c63, org.springframework.boot.test.autoconfigure.restdocs.RestDocsTestExecutionListener@35d81657, org.springframework.boot.test.autoconfigure.web.client.MockRestServiceServerResetTestExecutionListener@42ef5216, org.springframework.boot.test.autoconfigure.web.servlet.MockMvcPrintOnlyOnFailureTestExecutionListener@3180aee, org.springframework.boot.test.autoconfigure.web.servlet.WebDriverTestExecutionListener@5d94ac8a, org.springframework.boot.test.autoconfigure.webservices.client.MockWebServiceServerTestExecutionListener@288b73c1]
2024-08-12 20:55:12.021  INFO 25232 --- [main] c.s.h.HotelreservationApplicationTests   : Starting HotelreservationApplicationTests using Java 17.0.6 on DESKTOP-6AQ08G9 with PID 25232 (started by Hp in C:\Users\Hp\EclipseDemo\hotelreservation)
2024-08-12 20:55:12.021 DEBUG 25232 --- [main] c.s.h.HotelreservationApplicationTests   : Running with Spring Boot v2.7.9, Spring v5.3.25
2024-08-12 20:55:12.022  INFO 25232 --- [main] c.s.h.HotelreservationApplicationTests   : No active profile set, falling back to 1 default profile: "default"
2024-08-12 20:55:12.762  INFO 25232 --- [main] .s.d.r.c.RepositoryConfigurationDelegate : Bootstrapping Spring Data JPA repositories in DEFAULT mode.
2024-08-12 20:55:12.874  INFO 25232 --- [main] .s.d.r.c.RepositoryConfigurationDelegate : Finished Spring Data repository scanning in 91 ms. Found 3 JPA repository interfaces.
2024-08-12 20:55:13.134  INFO 25232 --- [main] ptablePropertiesBeanFactoryPostProcessor : Post-processing PropertySource instances
2024-08-12 20:55:13.134  INFO 25232 --- [main] c.u.j.EncryptablePropertySourceConverter : Skipping PropertySource configurationProperties [class org.springframework.boot.context.properties.source.ConfigurationPropertySourcesPropertySource
2024-08-12 20:55:13.135  INFO 25232 --- [main] c.u.j.EncryptablePropertySourceConverter : Converting PropertySource test [org.springframework.core.env.MapPropertySource] to EncryptableMapPropertySourceWrapper
2024-08-12 20:55:13.136  INFO 25232 --- [main] c.u.j.EncryptablePropertySourceConverter : Converting PropertySource Inlined Test Properties [org.springframework.core.env.MapPropertySource] to EncryptableMapPropertySourceWrapper
2024-08-12 20:55:13.137  INFO 25232 --- [main] c.u.j.EncryptablePropertySourceConverter : Skipping PropertySource servletConfigInitParams [class org.springframework.core.env.PropertySource$StubPropertySource
2024-08-12 20:55:13.138  INFO 25232 --- [main] c.u.j.EncryptablePropertySourceConverter : Converting PropertySource servletContextInitParams [org.springframework.web.context.support.ServletContextPropertySource] to EncryptableEnumerablePropertySourceWrapper
2024-08-12 20:55:13.139  INFO 25232 --- [main] c.u.j.EncryptablePropertySourceConverter : Converting PropertySource systemProperties [org.springframework.core.env.PropertiesPropertySource] to EncryptableMapPropertySourceWrapper
2024-08-12 20:55:13.140  INFO 25232 --- [main] c.u.j.EncryptablePropertySourceConverter : Converting PropertySource systemEnvironment [org.springframework.boot.env.SystemEnvironmentPropertySourceEnvironmentPostProcessor$OriginAwareSystemEnvironmentPropertySource] to EncryptableSystemEnvironmentPropertySourceWrapper
2024-08-12 20:55:13.141  INFO 25232 --- [main] c.u.j.EncryptablePropertySourceConverter : Converting PropertySource random [org.springframework.boot.env.RandomValuePropertySource] to EncryptablePropertySourceWrapper
2024-08-12 20:55:13.141  INFO 25232 --- [main] c.u.j.EncryptablePropertySourceConverter : Converting PropertySource Config resource 'class path resource [application.properties]' via location 'optional:classpath:/' [org.springframework.boot.env.OriginTrackedMapPropertySource] to EncryptableMapPropertySourceWrapper
2024-08-12 20:55:13.347  INFO 25232 --- [main] c.u.j.filter.DefaultLazyPropertyFilter   : Property Filter custom Bean not found with name 'encryptablePropertyFilter'. Initializing Default Property Filter
2024-08-12 20:55:13.355  INFO 25232 --- [main] c.u.j.r.DefaultLazyPropertyResolver      : Property Resolver custom Bean not found with name 'encryptablePropertyResolver'. Initializing Default Property Resolver
2024-08-12 20:55:13.356  INFO 25232 --- [main] c.u.j.d.DefaultLazyPropertyDetector      : Property Detector custom Bean not found with name 'encryptablePropertyDetector'. Initializing Default Property Detector
2024-08-12 20:55:13.363  INFO 25232 --- [main] c.u.j.encryptor.DefaultLazyEncryptor     : String Encryptor custom Bean not found with name 'jasyptStringEncryptor'. Initializing Default String Encryptor
2024-08-12 20:55:13.386  INFO 25232 --- [main] c.u.j.c.StringEncryptorBuilder           : Encryptor config not found for property jasypt.encryptor.algorithm, using default value: PBEWITHHMACSHA512ANDAES_256
2024-08-12 20:55:13.387  INFO 25232 --- [main] c.u.j.c.StringEncryptorBuilder           : Encryptor config not found for property jasypt.encryptor.key-obtention-iterations, using default value: 1000
2024-08-12 20:55:13.388  INFO 25232 --- [main] c.u.j.c.StringEncryptorBuilder           : Encryptor config not found for property jasypt.encryptor.pool-size, using default value: 1
2024-08-12 20:55:13.389  INFO 25232 --- [main] c.u.j.c.StringEncryptorBuilder           : Encryptor config not found for property jasypt.encryptor.provider-name, using default value: null
2024-08-12 20:55:13.390  INFO 25232 --- [main] c.u.j.c.StringEncryptorBuilder           : Encryptor config not found for property jasypt.encryptor.provider-class-name, using default value: null
2024-08-12 20:55:13.392  INFO 25232 --- [main] c.u.j.c.StringEncryptorBuilder           : Encryptor config not found for property jasypt.encryptor.salt-generator-classname, using default value: org.jasypt.salt.RandomSaltGenerator
2024-08-12 20:55:13.395  INFO 25232 --- [main] c.u.j.c.StringEncryptorBuilder           : Encryptor config not found for property jasypt.encryptor.iv-generator-classname, using default value: org.jasypt.iv.RandomIvGenerator
2024-08-12 20:55:13.397  INFO 25232 --- [main] c.u.j.c.StringEncryptorBuilder           : Encryptor config not found for property jasypt.encryptor.string-output-type, using default value: base64
2024-08-12 20:55:13.806  INFO 25232 --- [main] o.hibernate.jpa.internal.util.LogHelper  : HHH000204: Processing PersistenceUnitInfo [name: default]
2024-08-12 20:55:13.987  INFO 25232 --- [main] org.hibernate.Version                    : HHH000412: Hibernate ORM core version 5.6.15.Final
2024-08-12 20:55:14.093  INFO 25232 --- [main] o.hibernate.annotations.common.Version   : HCANN000001: Hibernate Commons Annotations {5.1.2.Final}
2024-08-12 20:55:14.396  INFO 25232 --- [main] com.zaxxer.hikari.HikariDataSource       : HikariPool-1 - Starting...
2024-08-12 20:55:15.096  INFO 25232 --- [main] com.zaxxer.hikari.HikariDataSource       : HikariPool-1 - Start completed.
2024-08-12 20:55:15.122  INFO 25232 --- [main] org.hibernate.dialect.Dialect            : HHH000400: Using dialect: org.hibernate.dialect.SQLServerDialect
2024-08-12 20:55:16.183  INFO 25232 --- [main] o.h.e.t.j.p.i.JtaPlatformInitiator       : HHH000490: Using JtaPlatform implementation: [org.hibernate.engine.transaction.jta.platform.internal.NoJtaPlatform]
2024-08-12 20:55:16.196  INFO 25232 --- [main] j.LocalContainerEntityManagerFactoryBean : Initialized JPA EntityManagerFactory for persistence unit 'default'
2024-08-12 20:55:16.257  WARN 25232 --- [main] JpaBaseConfiguration$JpaWebConfiguration : spring.jpa.open-in-view is enabled by default. Therefore, database queries may be performed during view rendering. Explicitly configure spring.jpa.open-in-view to disable this warning
2024-08-12 20:55:17.460  INFO 25232 --- [main] pertySourcedRequestMappingHandlerMapping : Mapped URL path [/v2/api-docs] onto method [springfox.documentation.swagger2.web.Swagger2Controller#getDocumentation(String, HttpServletRequest)]
2024-08-12 20:55:17.651  INFO 25232 --- [main] o.s.s.web.DefaultSecurityFilterChain     : Will secure any request with [org.springframework.security.web.session.DisableEncodeUrlFilter@54d5500e, org.springframework.security.web.context.request.async.WebAsyncManagerIntegrationFilter@1d1a706, org.springframework.security.web.context.SecurityContextPersistenceFilter@37b0a724, org.springframework.security.web.header.HeaderWriterFilter@656dc20f, org.springframework.security.web.authentication.logout.LogoutFilter@24c6a471, org.springframework.security.web.authentication.www.BasicAuthenticationFilter@36ba9aa3, org.springframework.security.web.savedrequest.RequestCacheAwareFilter@36d1ac55, org.springframework.security.web.servletapi.SecurityContextHolderAwareRequestFilter@3da76d3a, org.springframework.security.web.authentication.AnonymousAuthenticationFilter@5e136445, org.springframework.security.web.session.SessionManagementFilter@4a6c33a0, org.springframework.security.web.access.ExceptionTranslationFilter@588b2d7a, org.springframework.security.web.access.intercept.FilterSecurityInterceptor@1ca876b7]
2024-08-12 20:55:18.329  INFO 25232 --- [main] d.s.w.p.DocumentationPluginsBootstrapper : Context refreshed
2024-08-12 20:55:18.331  INFO 25232 --- [main] d.s.w.p.DocumentationPluginsBootstrapper : Found 1 custom documentation plugin(s)
2024-08-12 20:55:18.340  INFO 25232 --- [main] s.d.s.w.s.ApiListingReferenceScanner     : Scanning for api listing references
2024-08-12 20:55:18.438  INFO 25232 --- [main] c.s.h.HotelreservationApplicationTests   : Started HotelreservationApplicationTests in 6.507 seconds (JVM running for 14.698)
2024-08-12 20:55:18.511  INFO 25232 --- [SpringApplicationShutdownHook] j.LocalContainerEntityManagerFactoryBean : Closing JPA EntityManagerFactory for persistence unit 'default'
2024-08-12 20:55:18.520  INFO 25232 --- [SpringApplicationShutdownHook] com.zaxxer.hikari.HikariDataSource       : HikariPool-1 - Shutdown initiated...
2024-08-12 20:55:18.551  INFO 25232 --- [SpringApplicationShutdownHook] com.zaxxer.hikari.HikariDataSource       : HikariPool-1 - Shutdown completed.
2024-08-12 20:58:18.440  INFO 4188 --- [main] c.s.hotelreservation.EndpointsTest       : Starting EndpointsTest using Java 17.0.6 on DESKTOP-6AQ08G9 with PID 4188 (started by Hp in C:\Users\Hp\EclipseDemo\hotelreservation)
2024-08-12 20:58:18.442 DEBUG 4188 --- [main] c.s.hotelreservation.EndpointsTest       : Running with Spring Boot v2.7.9, Spring v5.3.25
2024-08-12 20:58:18.444  INFO 4188 --- [main] c.s.hotelreservation.EndpointsTest       : No active profile set, falling back to 1 default profile: "default"
2024-08-12 20:58:20.212  INFO 4188 --- [main] ptablePropertiesBeanFactoryPostProcessor : Post-processing PropertySource instances
2024-08-12 20:58:20.217  INFO 4188 --- [main] c.u.j.EncryptablePropertySourceConverter : Converting PropertySource Annotations [org.springframework.boot.test.autoconfigure.properties.AnnotationsPropertySource] to EncryptableEnumerablePropertySourceWrapper
2024-08-12 20:58:20.220  INFO 4188 --- [main] c.u.j.EncryptablePropertySourceConverter : Skipping PropertySource configurationProperties [class org.springframework.boot.context.properties.source.ConfigurationPropertySourcesPropertySource
2024-08-12 20:58:20.221  INFO 4188 --- [main] c.u.j.EncryptablePropertySourceConverter : Converting PropertySource test [org.springframework.core.env.MapPropertySource] to EncryptableMapPropertySourceWrapper
2024-08-12 20:58:20.222  INFO 4188 --- [main] c.u.j.EncryptablePropertySourceConverter : Converting PropertySource Inlined Test Properties [org.springframework.core.env.MapPropertySource] to EncryptableMapPropertySourceWrapper
2024-08-12 20:58:20.223  INFO 4188 --- [main] c.u.j.EncryptablePropertySourceConverter : Skipping PropertySource servletConfigInitParams [class org.springframework.core.env.PropertySource$StubPropertySource
2024-08-12 20:58:20.224  INFO 4188 --- [main] c.u.j.EncryptablePropertySourceConverter : Converting PropertySource servletContextInitParams [org.springframework.web.context.support.ServletContextPropertySource] to EncryptableEnumerablePropertySourceWrapper
2024-08-12 20:58:20.224  INFO 4188 --- [main] c.u.j.EncryptablePropertySourceConverter : Converting PropertySource systemProperties [org.springframework.core.env.PropertiesPropertySource] to EncryptableMapPropertySourceWrapper
2024-08-12 20:58:20.225  INFO 4188 --- [main] c.u.j.EncryptablePropertySourceConverter : Converting PropertySource systemEnvironment [org.springframework.boot.env.SystemEnvironmentPropertySourceEnvironmentPostProcessor$OriginAwareSystemEnvironmentPropertySource] to EncryptableSystemEnvironmentPropertySourceWrapper
2024-08-12 20:58:20.226  INFO 4188 --- [main] c.u.j.EncryptablePropertySourceConverter : Converting PropertySource random [org.springframework.boot.env.RandomValuePropertySource] to EncryptablePropertySourceWrapper
2024-08-12 20:58:20.227  INFO 4188 --- [main] c.u.j.EncryptablePropertySourceConverter : Converting PropertySource Config resource 'class path resource [application.properties]' via location 'optional:classpath:/' [org.springframework.boot.env.OriginTrackedMapPropertySource] to EncryptableMapPropertySourceWrapper
2024-08-12 20:58:21.365  INFO 4188 --- [main] c.u.j.filter.DefaultLazyPropertyFilter   : Property Filter custom Bean not found with name 'encryptablePropertyFilter'. Initializing Default Property Filter
2024-08-12 20:58:21.404  INFO 4188 --- [main] c.u.j.r.DefaultLazyPropertyResolver      : Property Resolver custom Bean not found with name 'encryptablePropertyResolver'. Initializing Default Property Resolver
2024-08-12 20:58:21.412  INFO 4188 --- [main] c.u.j.d.DefaultLazyPropertyDetector      : Property Detector custom Bean not found with name 'encryptablePropertyDetector'. Initializing Default Property Detector
2024-08-12 20:58:22.572  INFO 4188 --- [main] pertySourcedRequestMappingHandlerMapping : Mapped URL path [/v2/api-docs] onto method [springfox.documentation.swagger2.web.Swagger2Controller#getDocumentation(String, HttpServletRequest)]
2024-08-12 20:58:23.226  INFO 4188 --- [main] o.s.s.web.DefaultSecurityFilterChain     : Will secure any request with [org.springframework.security.web.session.DisableEncodeUrlFilter@1e606f64, org.springframework.security.web.context.request.async.WebAsyncManagerIntegrationFilter@581918f6, org.springframework.security.web.context.SecurityContextPersistenceFilter@208f7165, org.springframework.security.web.header.HeaderWriterFilter@65af05b2, org.springframework.security.web.authentication.logout.LogoutFilter@3de56885, org.springframework.security.web.authentication.www.BasicAuthenticationFilter@460f1cdb, org.springframework.security.web.savedrequest.RequestCacheAwareFilter@50b4364, org.springframework.security.web.servletapi.SecurityContextHolderAwareRequestFilter@9dc782d, org.springframework.security.web.authentication.AnonymousAuthenticationFilter@1958c0d9, org.springframework.security.web.session.SessionManagementFilter@c4cceb, org.springframework.security.web.access.ExceptionTranslationFilter@280ecc33, org.springframework.security.web.access.intercept.FilterSecurityInterceptor@686b1e2d]
2024-08-12 20:58:24.291  INFO 4188 --- [main] o.s.b.t.m.w.SpringBootMockServletContext : Initializing Spring TestDispatcherServlet ''
2024-08-12 20:58:24.292  INFO 4188 --- [main] o.s.t.web.servlet.TestDispatcherServlet  : Initializing Servlet ''
2024-08-12 20:58:24.298  INFO 4188 --- [main] o.s.t.web.servlet.TestDispatcherServlet  : Completed initialization in 5 ms
2024-08-12 20:58:24.384  INFO 4188 --- [main] d.s.w.p.DocumentationPluginsBootstrapper : Context refreshed
2024-08-12 20:58:24.449  INFO 4188 --- [main] d.s.w.p.DocumentationPluginsBootstrapper : Found 1 custom documentation plugin(s)
2024-08-12 20:58:24.536  INFO 4188 --- [main] s.d.s.w.s.ApiListingReferenceScanner     : Scanning for api listing references
2024-08-12 20:58:24.873  INFO 4188 --- [main] c.s.hotelreservation.EndpointsTest       : Started EndpointsTest in 7.236 seconds (JVM running for 9.059)
2024-08-12 20:58:25.098  INFO 4188 --- [main] .b.t.c.SpringBootTestContextBootstrapper : Neither @ContextConfiguration nor @ContextHierarchy found for test class [com.springboot.hotelreservation.HotelreservationApplicationTests], using SpringBootContextLoader
2024-08-12 20:58:25.100  INFO 4188 --- [main] o.s.t.c.support.AbstractContextLoader    : Could not detect default resource locations for test class [com.springboot.hotelreservation.HotelreservationApplicationTests]: no resource found for suffixes {-context.xml, Context.groovy}.
2024-08-12 20:58:25.101  INFO 4188 --- [main] t.c.s.AnnotationConfigContextLoaderUtils : Could not detect default configuration classes for test class [com.springboot.hotelreservation.HotelreservationApplicationTests]: HotelreservationApplicationTests does not declare any static, non-private, non-final, nested classes annotated with @Configuration.
2024-08-12 20:58:25.105  INFO 4188 --- [main] .b.t.c.SpringBootTestContextBootstrapper : Found @SpringBootConfiguration com.springboot.hotelreservation.HotelreservationApplication for test class com.springboot.hotelreservation.HotelreservationApplicationTests
2024-08-12 20:58:25.117  INFO 4188 --- [main] .b.t.c.SpringBootTestContextBootstrapper : Loaded default TestExecutionListener class names from location [META-INF/spring.factories]: [org.springframework.boot.test.mock.mockito.MockitoTestExecutionListener, org.springframework.boot.test.mock.mockito.ResetMocksTestExecutionListener, org.springframework.boot.test.autoconfigure.restdocs.RestDocsTestExecutionListener, org.springframework.boot.test.autoconfigure.web.client.MockRestServiceServerResetTestExecutionListener, org.springframework.boot.test.autoconfigure.web.servlet.MockMvcPrintOnlyOnFailureTestExecutionListener, org.springframework.boot.test.autoconfigure.web.servlet.WebDriverTestExecutionListener, org.springframework.boot.test.autoconfigure.webservices.client.MockWebServiceServerTestExecutionListener, org.springframework.test.context.web.ServletTestExecutionListener, org.springframework.test.context.support.DirtiesContextBeforeModesTestExecutionListener, org.springframework.test.context.event.ApplicationEventsTestExecutionListener, org.springframework.test.context.support.DependencyInjectionTestExecutionListener, org.springframework.test.context.support.DirtiesContextTestExecutionListener, org.springframework.test.context.transaction.TransactionalTestExecutionListener, org.springframework.test.context.jdbc.SqlScriptsTestExecutionListener, org.springframework.test.context.event.EventPublishingTestExecutionListener]
2024-08-12 20:58:25.117  INFO 4188 --- [main] .b.t.c.SpringBootTestContextBootstrapper : Using TestExecutionListeners: [org.springframework.test.context.web.ServletTestExecutionListener@57867d96, org.springframework.test.context.support.DirtiesContextBeforeModesTestExecutionListener@1a7a21d0, org.springframework.test.context.event.ApplicationEventsTestExecutionListener@bb21063, org.springframework.boot.test.mock.mockito.MockitoTestExecutionListener@6821c63c, org.springframework.boot.test.autoconfigure.SpringBootDependencyInjectionTestExecutionListener@c2f7c63, org.springframework.test.context.support.DirtiesContextTestExecutionListener@4790b897, org.springframework.test.context.transaction.TransactionalTestExecutionListener@5cba890e, org.springframework.test.context.jdbc.SqlScriptsTestExecutionListener@3a4cb483, org.springframework.test.context.event.EventPublishingTestExecutionListener@4d770bcd, org.springframework.boot.test.mock.mockito.ResetMocksTestExecutionListener@fe156f4, org.springframework.boot.test.autoconfigure.restdocs.RestDocsTestExecutionListener@79b4cff, org.springframework.boot.test.autoconfigure.web.client.MockRestServiceServerResetTestExecutionListener@58ac0823, org.springframework.boot.test.autoconfigure.web.servlet.MockMvcPrintOnlyOnFailureTestExecutionListener@2d705998, org.springframework.boot.test.autoconfigure.web.servlet.WebDriverTestExecutionListener@28a3fc34, org.springframework.boot.test.autoconfigure.webservices.client.MockWebServiceServerTestExecutionListener@7582a16b]
2024-08-12 20:58:25.273  INFO 4188 --- [main] c.s.h.HotelreservationApplicationTests   : Starting HotelreservationApplicationTests using Java 17.0.6 on DESKTOP-6AQ08G9 with PID 4188 (started by Hp in C:\Users\Hp\EclipseDemo\hotelreservation)
2024-08-12 20:58:25.274 DEBUG 4188 --- [main] c.s.h.HotelreservationApplicationTests   : Running with Spring Boot v2.7.9, Spring v5.3.25
2024-08-12 20:58:25.274  INFO 4188 --- [main] c.s.h.HotelreservationApplicationTests   : No active profile set, falling back to 1 default profile: "default"
2024-08-12 20:58:26.213  INFO 4188 --- [main] .s.d.r.c.RepositoryConfigurationDelegate : Bootstrapping Spring Data JPA repositories in DEFAULT mode.
2024-08-12 20:58:26.325  INFO 4188 --- [main] .s.d.r.c.RepositoryConfigurationDelegate : Finished Spring Data repository scanning in 88 ms. Found 3 JPA repository interfaces.
2024-08-12 20:58:26.542  INFO 4188 --- [main] ptablePropertiesBeanFactoryPostProcessor : Post-processing PropertySource instances
2024-08-12 20:58:26.542  INFO 4188 --- [main] c.u.j.EncryptablePropertySourceConverter : Skipping PropertySource configurationProperties [class org.springframework.boot.context.properties.source.ConfigurationPropertySourcesPropertySource
2024-08-12 20:58:26.543  INFO 4188 --- [main] c.u.j.EncryptablePropertySourceConverter : Converting PropertySource test [org.springframework.core.env.MapPropertySource] to EncryptableMapPropertySourceWrapper
2024-08-12 20:58:26.544  INFO 4188 --- [main] c.u.j.EncryptablePropertySourceConverter : Converting PropertySource Inlined Test Properties [org.springframework.core.env.MapPropertySource] to EncryptableMapPropertySourceWrapper
2024-08-12 20:58:26.544  INFO 4188 --- [main] c.u.j.EncryptablePropertySourceConverter : Skipping PropertySource servletConfigInitParams [class org.springframework.core.env.PropertySource$StubPropertySource
2024-08-12 20:58:26.544  INFO 4188 --- [main] c.u.j.EncryptablePropertySourceConverter : Converting PropertySource servletContextInitParams [org.springframework.web.context.support.ServletContextPropertySource] to EncryptableEnumerablePropertySourceWrapper
2024-08-12 20:58:26.544  INFO 4188 --- [main] c.u.j.EncryptablePropertySourceConverter : Converting PropertySource systemProperties [org.springframework.core.env.PropertiesPropertySource] to EncryptableMapPropertySourceWrapper
2024-08-12 20:58:26.545  INFO 4188 --- [main] c.u.j.EncryptablePropertySourceConverter : Converting PropertySource systemEnvironment [org.springframework.boot.env.SystemEnvironmentPropertySourceEnvironmentPostProcessor$OriginAwareSystemEnvironmentPropertySource] to EncryptableSystemEnvironmentPropertySourceWrapper
2024-08-12 20:58:26.545  INFO 4188 --- [main] c.u.j.EncryptablePropertySourceConverter : Converting PropertySource random [org.springframework.boot.env.RandomValuePropertySource] to EncryptablePropertySourceWrapper
2024-08-12 20:58:26.545  INFO 4188 --- [main] c.u.j.EncryptablePropertySourceConverter : Converting PropertySource Config resource 'class path resource [application.properties]' via location 'optional:classpath:/' [org.springframework.boot.env.OriginTrackedMapPropertySource] to EncryptableMapPropertySourceWrapper
2024-08-12 20:58:26.712  INFO 4188 --- [main] c.u.j.filter.DefaultLazyPropertyFilter   : Property Filter custom Bean not found with name 'encryptablePropertyFilter'. Initializing Default Property Filter
2024-08-12 20:58:26.721  INFO 4188 --- [main] c.u.j.r.DefaultLazyPropertyResolver      : Property Resolver custom Bean not found with name 'encryptablePropertyResolver'. Initializing Default Property Resolver
2024-08-12 20:58:26.721  INFO 4188 --- [main] c.u.j.d.DefaultLazyPropertyDetector      : Property Detector custom Bean not found with name 'encryptablePropertyDetector'. Initializing Default Property Detector
2024-08-12 20:58:26.730  INFO 4188 --- [main] c.u.j.encryptor.DefaultLazyEncryptor     : String Encryptor custom Bean not found with name 'jasyptStringEncryptor'. Initializing Default String Encryptor
2024-08-12 20:58:26.751  INFO 4188 --- [main] c.u.j.c.StringEncryptorBuilder           : Encryptor config not found for property jasypt.encryptor.algorithm, using default value: PBEWITHHMACSHA512ANDAES_256
2024-08-12 20:58:26.752  INFO 4188 --- [main] c.u.j.c.StringEncryptorBuilder           : Encryptor config not found for property jasypt.encryptor.key-obtention-iterations, using default value: 1000
2024-08-12 20:58:26.753  INFO 4188 --- [main] c.u.j.c.StringEncryptorBuilder           : Encryptor config not found for property jasypt.encryptor.pool-size, using default value: 1
2024-08-12 20:58:26.754  INFO 4188 --- [main] c.u.j.c.StringEncryptorBuilder           : Encryptor config not found for property jasypt.encryptor.provider-name, using default value: null
2024-08-12 20:58:26.757  INFO 4188 --- [main] c.u.j.c.StringEncryptorBuilder           : Encryptor config not found for property jasypt.encryptor.provider-class-name, using default value: null
2024-08-12 20:58:26.759  INFO 4188 --- [main] c.u.j.c.StringEncryptorBuilder           : Encryptor config not found for property jasypt.encryptor.salt-generator-classname, using default value: org.jasypt.salt.RandomSaltGenerator
2024-08-12 20:58:26.762  INFO 4188 --- [main] c.u.j.c.StringEncryptorBuilder           : Encryptor config not found for property jasypt.encryptor.iv-generator-classname, using default value: org.jasypt.iv.RandomIvGenerator
2024-08-12 20:58:26.765  INFO 4188 --- [main] c.u.j.c.StringEncryptorBuilder           : Encryptor config not found for property jasypt.encryptor.string-output-type, using default value: base64
2024-08-12 20:58:27.156  INFO 4188 --- [main] o.hibernate.jpa.internal.util.LogHelper  : HHH000204: Processing PersistenceUnitInfo [name: default]
2024-08-12 20:58:27.330  INFO 4188 --- [main] org.hibernate.Version                    : HHH000412: Hibernate ORM core version 5.6.15.Final
2024-08-12 20:58:27.444  INFO 4188 --- [main] o.hibernate.annotations.common.Version   : HCANN000001: Hibernate Commons Annotations {5.1.2.Final}
2024-08-12 20:58:27.680  INFO 4188 --- [main] com.zaxxer.hikari.HikariDataSource       : HikariPool-1 - Starting...
2024-08-12 20:58:28.238  INFO 4188 --- [main] com.zaxxer.hikari.HikariDataSource       : HikariPool-1 - Start completed.
2024-08-12 20:58:28.259  INFO 4188 --- [main] org.hibernate.dialect.Dialect            : HHH000400: Using dialect: org.hibernate.dialect.SQLServerDialect
2024-08-12 20:58:29.168  INFO 4188 --- [main] o.h.e.t.j.p.i.JtaPlatformInitiator       : HHH000490: Using JtaPlatform implementation: [org.hibernate.engine.transaction.jta.platform.internal.NoJtaPlatform]
2024-08-12 20:58:29.184  INFO 4188 --- [main] j.LocalContainerEntityManagerFactoryBean : Initialized JPA EntityManagerFactory for persistence unit 'default'
2024-08-12 20:58:29.256  WARN 4188 --- [main] JpaBaseConfiguration$JpaWebConfiguration : spring.jpa.open-in-view is enabled by default. Therefore, database queries may be performed during view rendering. Explicitly configure spring.jpa.open-in-view to disable this warning
2024-08-12 20:58:30.437  INFO 4188 --- [main] pertySourcedRequestMappingHandlerMapping : Mapped URL path [/v2/api-docs] onto method [springfox.documentation.swagger2.web.Swagger2Controller#getDocumentation(String, HttpServletRequest)]
2024-08-12 20:58:30.607  INFO 4188 --- [main] o.s.s.web.DefaultSecurityFilterChain     : Will secure any request with [org.springframework.security.web.session.DisableEncodeUrlFilter@36d1ac55, org.springframework.security.web.context.request.async.WebAsyncManagerIntegrationFilter@3da76d3a, org.springframework.security.web.context.SecurityContextPersistenceFilter@5926f291, org.springframework.security.web.header.HeaderWriterFilter@3841e77a, org.springframework.security.web.authentication.logout.LogoutFilter@12e5f7cb, org.springframework.security.web.authentication.www.BasicAuthenticationFilter@37b0a724, org.springframework.security.web.savedrequest.RequestCacheAwareFilter@5f0c04d2, org.springframework.security.web.servletapi.SecurityContextHolderAwareRequestFilter@4ff1f872, org.springframework.security.web.authentication.AnonymousAuthenticationFilter@167da81d, org.springframework.security.web.session.SessionManagementFilter@6e6bb211, org.springframework.security.web.access.ExceptionTranslationFilter@505e8d48, org.springframework.security.web.access.intercept.FilterSecurityInterceptor@4a6c33a0]
2024-08-12 20:58:31.417  INFO 4188 --- [main] d.s.w.p.DocumentationPluginsBootstrapper : Context refreshed
2024-08-12 20:58:31.419  INFO 4188 --- [main] d.s.w.p.DocumentationPluginsBootstrapper : Found 1 custom documentation plugin(s)
2024-08-12 20:58:31.430  INFO 4188 --- [main] s.d.s.w.s.ApiListingReferenceScanner     : Scanning for api listing references
2024-08-12 20:58:31.522  INFO 4188 --- [main] c.s.h.HotelreservationApplicationTests   : Started HotelreservationApplicationTests in 6.399 seconds (JVM running for 15.709)
2024-08-12 20:58:31.583  INFO 4188 --- [SpringApplicationShutdownHook] j.LocalContainerEntityManagerFactoryBean : Closing JPA EntityManagerFactory for persistence unit 'default'
2024-08-12 20:58:31.587  INFO 4188 --- [SpringApplicationShutdownHook] com.zaxxer.hikari.HikariDataSource       : HikariPool-1 - Shutdown initiated...
2024-08-12 20:58:31.607  INFO 4188 --- [SpringApplicationShutdownHook] com.zaxxer.hikari.HikariDataSource       : HikariPool-1 - Shutdown completed.
2024-08-12 21:01:57.381  INFO 20192 --- [main] c.s.hotelreservation.EndpointsTest       : Starting EndpointsTest using Java 17.0.6 on DESKTOP-6AQ08G9 with PID 20192 (started by Hp in C:\Users\Hp\EclipseDemo\hotelreservation)
2024-08-12 21:01:57.384 DEBUG 20192 --- [main] c.s.hotelreservation.EndpointsTest       : Running with Spring Boot v2.7.9, Spring v5.3.25
2024-08-12 21:01:57.385  INFO 20192 --- [main] c.s.hotelreservation.EndpointsTest       : No active profile set, falling back to 1 default profile: "default"
2024-08-12 21:01:59.919  INFO 20192 --- [main] ptablePropertiesBeanFactoryPostProcessor : Post-processing PropertySource instances
2024-08-12 21:01:59.923  INFO 20192 --- [main] c.u.j.EncryptablePropertySourceConverter : Converting PropertySource Annotations [org.springframework.boot.test.autoconfigure.properties.AnnotationsPropertySource] to EncryptableEnumerablePropertySourceWrapper
2024-08-12 21:01:59.928  INFO 20192 --- [main] c.u.j.EncryptablePropertySourceConverter : Skipping PropertySource configurationProperties [class org.springframework.boot.context.properties.source.ConfigurationPropertySourcesPropertySource
2024-08-12 21:01:59.928  INFO 20192 --- [main] c.u.j.EncryptablePropertySourceConverter : Converting PropertySource test [org.springframework.core.env.MapPropertySource] to EncryptableMapPropertySourceWrapper
2024-08-12 21:01:59.929  INFO 20192 --- [main] c.u.j.EncryptablePropertySourceConverter : Converting PropertySource Inlined Test Properties [org.springframework.core.env.MapPropertySource] to EncryptableMapPropertySourceWrapper
2024-08-12 21:01:59.931  INFO 20192 --- [main] c.u.j.EncryptablePropertySourceConverter : Skipping PropertySource servletConfigInitParams [class org.springframework.core.env.PropertySource$StubPropertySource
2024-08-12 21:01:59.935  INFO 20192 --- [main] c.u.j.EncryptablePropertySourceConverter : Converting PropertySource servletContextInitParams [org.springframework.web.context.support.ServletContextPropertySource] to EncryptableEnumerablePropertySourceWrapper
2024-08-12 21:01:59.938  INFO 20192 --- [main] c.u.j.EncryptablePropertySourceConverter : Converting PropertySource systemProperties [org.springframework.core.env.PropertiesPropertySource] to EncryptableMapPropertySourceWrapper
2024-08-12 21:01:59.939  INFO 20192 --- [main] c.u.j.EncryptablePropertySourceConverter : Converting PropertySource systemEnvironment [org.springframework.boot.env.SystemEnvironmentPropertySourceEnvironmentPostProcessor$OriginAwareSystemEnvironmentPropertySource] to EncryptableSystemEnvironmentPropertySourceWrapper
2024-08-12 21:01:59.941  INFO 20192 --- [main] c.u.j.EncryptablePropertySourceConverter : Converting PropertySource random [org.springframework.boot.env.RandomValuePropertySource] to EncryptablePropertySourceWrapper
2024-08-12 21:01:59.942  INFO 20192 --- [main] c.u.j.EncryptablePropertySourceConverter : Converting PropertySource Config resource 'class path resource [application.properties]' via location 'optional:classpath:/' [org.springframework.boot.env.OriginTrackedMapPropertySource] to EncryptableMapPropertySourceWrapper
2024-08-12 21:02:01.868  INFO 20192 --- [main] c.u.j.filter.DefaultLazyPropertyFilter   : Property Filter custom Bean not found with name 'encryptablePropertyFilter'. Initializing Default Property Filter
2024-08-12 21:02:01.890  INFO 20192 --- [main] c.u.j.r.DefaultLazyPropertyResolver      : Property Resolver custom Bean not found with name 'encryptablePropertyResolver'. Initializing Default Property Resolver
2024-08-12 21:02:01.895  INFO 20192 --- [main] c.u.j.d.DefaultLazyPropertyDetector      : Property Detector custom Bean not found with name 'encryptablePropertyDetector'. Initializing Default Property Detector
2024-08-12 21:02:02.887  INFO 20192 --- [main] pertySourcedRequestMappingHandlerMapping : Mapped URL path [/v2/api-docs] onto method [springfox.documentation.swagger2.web.Swagger2Controller#getDocumentation(String, HttpServletRequest)]
2024-08-12 21:02:03.400  INFO 20192 --- [main] o.s.s.web.DefaultSecurityFilterChain     : Will secure any request with [org.springframework.security.web.session.DisableEncodeUrlFilter@1e606f64, org.springframework.security.web.context.request.async.WebAsyncManagerIntegrationFilter@581918f6, org.springframework.security.web.context.SecurityContextPersistenceFilter@208f7165, org.springframework.security.web.header.HeaderWriterFilter@65af05b2, org.springframework.security.web.authentication.logout.LogoutFilter@3de56885, org.springframework.security.web.authentication.www.BasicAuthenticationFilter@460f1cdb, org.springframework.security.web.savedrequest.RequestCacheAwareFilter@50b4364, org.springframework.security.web.servletapi.SecurityContextHolderAwareRequestFilter@9dc782d, org.springframework.security.web.authentication.AnonymousAuthenticationFilter@1958c0d9, org.springframework.security.web.session.SessionManagementFilter@c4cceb, org.springframework.security.web.access.ExceptionTranslationFilter@280ecc33, org.springframework.security.web.access.intercept.FilterSecurityInterceptor@686b1e2d]
2024-08-12 21:02:04.383  INFO 20192 --- [main] o.s.b.t.m.w.SpringBootMockServletContext : Initializing Spring TestDispatcherServlet ''
2024-08-12 21:02:04.384  INFO 20192 --- [main] o.s.t.web.servlet.TestDispatcherServlet  : Initializing Servlet ''
2024-08-12 21:02:04.388  INFO 20192 --- [main] o.s.t.web.servlet.TestDispatcherServlet  : Completed initialization in 3 ms
2024-08-12 21:02:04.439  INFO 20192 --- [main] d.s.w.p.DocumentationPluginsBootstrapper : Context refreshed
2024-08-12 21:02:04.507  INFO 20192 --- [main] d.s.w.p.DocumentationPluginsBootstrapper : Found 1 custom documentation plugin(s)
2024-08-12 21:02:04.568  INFO 20192 --- [main] s.d.s.w.s.ApiListingReferenceScanner     : Scanning for api listing references
2024-08-12 21:02:04.916  INFO 20192 --- [main] c.s.hotelreservation.EndpointsTest       : Started EndpointsTest in 8.473 seconds (JVM running for 10.768)
2024-08-12 21:02:05.144  INFO 20192 --- [main] .b.t.c.SpringBootTestContextBootstrapper : Neither @ContextConfiguration nor @ContextHierarchy found for test class [com.springboot.hotelreservation.HotelreservationApplicationTests], using SpringBootContextLoader
2024-08-12 21:02:05.145  INFO 20192 --- [main] o.s.t.c.support.AbstractContextLoader    : Could not detect default resource locations for test class [com.springboot.hotelreservation.HotelreservationApplicationTests]: no resource found for suffixes {-context.xml, Context.groovy}.
2024-08-12 21:02:05.146  INFO 20192 --- [main] t.c.s.AnnotationConfigContextLoaderUtils : Could not detect default configuration classes for test class [com.springboot.hotelreservation.HotelreservationApplicationTests]: HotelreservationApplicationTests does not declare any static, non-private, non-final, nested classes annotated with @Configuration.
2024-08-12 21:02:05.152  INFO 20192 --- [main] .b.t.c.SpringBootTestContextBootstrapper : Found @SpringBootConfiguration com.springboot.hotelreservation.HotelreservationApplication for test class com.springboot.hotelreservation.HotelreservationApplicationTests
2024-08-12 21:02:05.160  INFO 20192 --- [main] .b.t.c.SpringBootTestContextBootstrapper : Loaded default TestExecutionListener class names from location [META-INF/spring.factories]: [org.springframework.boot.test.mock.mockito.MockitoTestExecutionListener, org.springframework.boot.test.mock.mockito.ResetMocksTestExecutionListener, org.springframework.boot.test.autoconfigure.restdocs.RestDocsTestExecutionListener, org.springframework.boot.test.autoconfigure.web.client.MockRestServiceServerResetTestExecutionListener, org.springframework.boot.test.autoconfigure.web.servlet.MockMvcPrintOnlyOnFailureTestExecutionListener, org.springframework.boot.test.autoconfigure.web.servlet.WebDriverTestExecutionListener, org.springframework.boot.test.autoconfigure.webservices.client.MockWebServiceServerTestExecutionListener, org.springframework.test.context.web.ServletTestExecutionListener, org.springframework.test.context.support.DirtiesContextBeforeModesTestExecutionListener, org.springframework.test.context.event.ApplicationEventsTestExecutionListener, org.springframework.test.context.support.DependencyInjectionTestExecutionListener, org.springframework.test.context.support.DirtiesContextTestExecutionListener, org.springframework.test.context.transaction.TransactionalTestExecutionListener, org.springframework.test.context.jdbc.SqlScriptsTestExecutionListener, org.springframework.test.context.event.EventPublishingTestExecutionListener]
2024-08-12 21:02:05.161  INFO 20192 --- [main] .b.t.c.SpringBootTestContextBootstrapper : Using TestExecutionListeners: [org.springframework.test.context.web.ServletTestExecutionListener@57867d96, org.springframework.test.context.support.DirtiesContextBeforeModesTestExecutionListener@1a7a21d0, org.springframework.test.context.event.ApplicationEventsTestExecutionListener@bb21063, org.springframework.boot.test.mock.mockito.MockitoTestExecutionListener@6821c63c, org.springframework.boot.test.autoconfigure.SpringBootDependencyInjectionTestExecutionListener@c2f7c63, org.springframework.test.context.support.DirtiesContextTestExecutionListener@4790b897, org.springframework.test.context.transaction.TransactionalTestExecutionListener@5cba890e, org.springframework.test.context.jdbc.SqlScriptsTestExecutionListener@3a4cb483, org.springframework.test.context.event.EventPublishingTestExecutionListener@4d770bcd, org.springframework.boot.test.mock.mockito.ResetMocksTestExecutionListener@fe156f4, org.springframework.boot.test.autoconfigure.restdocs.RestDocsTestExecutionListener@79b4cff, org.springframework.boot.test.autoconfigure.web.client.MockRestServiceServerResetTestExecutionListener@58ac0823, org.springframework.boot.test.autoconfigure.web.servlet.MockMvcPrintOnlyOnFailureTestExecutionListener@2d705998, org.springframework.boot.test.autoconfigure.web.servlet.WebDriverTestExecutionListener@28a3fc34, org.springframework.boot.test.autoconfigure.webservices.client.MockWebServiceServerTestExecutionListener@7582a16b]
2024-08-12 21:02:05.235  INFO 20192 --- [main] c.s.h.HotelreservationApplicationTests   : Starting HotelreservationApplicationTests using Java 17.0.6 on DESKTOP-6AQ08G9 with PID 20192 (started by Hp in C:\Users\Hp\EclipseDemo\hotelreservation)
2024-08-12 21:02:05.236 DEBUG 20192 --- [main] c.s.h.HotelreservationApplicationTests   : Running with Spring Boot v2.7.9, Spring v5.3.25
2024-08-12 21:02:05.236  INFO 20192 --- [main] c.s.h.HotelreservationApplicationTests   : No active profile set, falling back to 1 default profile: "default"
2024-08-12 21:02:06.205  INFO 20192 --- [main] .s.d.r.c.RepositoryConfigurationDelegate : Bootstrapping Spring Data JPA repositories in DEFAULT mode.
2024-08-12 21:02:06.328  INFO 20192 --- [main] .s.d.r.c.RepositoryConfigurationDelegate : Finished Spring Data repository scanning in 103 ms. Found 3 JPA repository interfaces.
2024-08-12 21:02:06.538  INFO 20192 --- [main] ptablePropertiesBeanFactoryPostProcessor : Post-processing PropertySource instances
2024-08-12 21:02:06.538  INFO 20192 --- [main] c.u.j.EncryptablePropertySourceConverter : Skipping PropertySource configurationProperties [class org.springframework.boot.context.properties.source.ConfigurationPropertySourcesPropertySource
2024-08-12 21:02:06.539  INFO 20192 --- [main] c.u.j.EncryptablePropertySourceConverter : Converting PropertySource test [org.springframework.core.env.MapPropertySource] to EncryptableMapPropertySourceWrapper
2024-08-12 21:02:06.539  INFO 20192 --- [main] c.u.j.EncryptablePropertySourceConverter : Converting PropertySource Inlined Test Properties [org.springframework.core.env.MapPropertySource] to EncryptableMapPropertySourceWrapper
2024-08-12 21:02:06.539  INFO 20192 --- [main] c.u.j.EncryptablePropertySourceConverter : Skipping PropertySource servletConfigInitParams [class org.springframework.core.env.PropertySource$StubPropertySource
2024-08-12 21:02:06.540  INFO 20192 --- [main] c.u.j.EncryptablePropertySourceConverter : Converting PropertySource servletContextInitParams [org.springframework.web.context.support.ServletContextPropertySource] to EncryptableEnumerablePropertySourceWrapper
2024-08-12 21:02:06.540  INFO 20192 --- [main] c.u.j.EncryptablePropertySourceConverter : Converting PropertySource systemProperties [org.springframework.core.env.PropertiesPropertySource] to EncryptableMapPropertySourceWrapper
2024-08-12 21:02:06.541  INFO 20192 --- [main] c.u.j.EncryptablePropertySourceConverter : Converting PropertySource systemEnvironment [org.springframework.boot.env.SystemEnvironmentPropertySourceEnvironmentPostProcessor$OriginAwareSystemEnvironmentPropertySource] to EncryptableSystemEnvironmentPropertySourceWrapper
2024-08-12 21:02:06.541  INFO 20192 --- [main] c.u.j.EncryptablePropertySourceConverter : Converting PropertySource random [org.springframework.boot.env.RandomValuePropertySource] to EncryptablePropertySourceWrapper
2024-08-12 21:02:06.541  INFO 20192 --- [main] c.u.j.EncryptablePropertySourceConverter : Converting PropertySource Config resource 'class path resource [application.properties]' via location 'optional:classpath:/' [org.springframework.boot.env.OriginTrackedMapPropertySource] to EncryptableMapPropertySourceWrapper
2024-08-12 21:02:06.748  INFO 20192 --- [main] c.u.j.filter.DefaultLazyPropertyFilter   : Property Filter custom Bean not found with name 'encryptablePropertyFilter'. Initializing Default Property Filter
2024-08-12 21:02:06.756  INFO 20192 --- [main] c.u.j.r.DefaultLazyPropertyResolver      : Property Resolver custom Bean not found with name 'encryptablePropertyResolver'. Initializing Default Property Resolver
2024-08-12 21:02:06.756  INFO 20192 --- [main] c.u.j.d.DefaultLazyPropertyDetector      : Property Detector custom Bean not found with name 'encryptablePropertyDetector'. Initializing Default Property Detector
2024-08-12 21:02:06.765  INFO 20192 --- [main] c.u.j.encryptor.DefaultLazyEncryptor     : String Encryptor custom Bean not found with name 'jasyptStringEncryptor'. Initializing Default String Encryptor
2024-08-12 21:02:06.802  INFO 20192 --- [main] c.u.j.c.StringEncryptorBuilder           : Encryptor config not found for property jasypt.encryptor.algorithm, using default value: PBEWITHHMACSHA512ANDAES_256
2024-08-12 21:02:06.805  INFO 20192 --- [main] c.u.j.c.StringEncryptorBuilder           : Encryptor config not found for property jasypt.encryptor.key-obtention-iterations, using default value: 1000
2024-08-12 21:02:06.806  INFO 20192 --- [main] c.u.j.c.StringEncryptorBuilder           : Encryptor config not found for property jasypt.encryptor.pool-size, using default value: 1
2024-08-12 21:02:06.807  INFO 20192 --- [main] c.u.j.c.StringEncryptorBuilder           : Encryptor config not found for property jasypt.encryptor.provider-name, using default value: null
2024-08-12 21:02:06.809  INFO 20192 --- [main] c.u.j.c.StringEncryptorBuilder           : Encryptor config not found for property jasypt.encryptor.provider-class-name, using default value: null
2024-08-12 21:02:06.812  INFO 20192 --- [main] c.u.j.c.StringEncryptorBuilder           : Encryptor config not found for property jasypt.encryptor.salt-generator-classname, using default value: org.jasypt.salt.RandomSaltGenerator
2024-08-12 21:02:06.818  INFO 20192 --- [main] c.u.j.c.StringEncryptorBuilder           : Encryptor config not found for property jasypt.encryptor.iv-generator-classname, using default value: org.jasypt.iv.RandomIvGenerator
2024-08-12 21:02:06.822  INFO 20192 --- [main] c.u.j.c.StringEncryptorBuilder           : Encryptor config not found for property jasypt.encryptor.string-output-type, using default value: base64
2024-08-12 21:02:07.257  INFO 20192 --- [main] o.hibernate.jpa.internal.util.LogHelper  : HHH000204: Processing PersistenceUnitInfo [name: default]
2024-08-12 21:02:07.397  INFO 20192 --- [main] org.hibernate.Version                    : HHH000412: Hibernate ORM core version 5.6.15.Final
2024-08-12 21:02:07.477  INFO 20192 --- [main] o.hibernate.annotations.common.Version   : HCANN000001: Hibernate Commons Annotations {5.1.2.Final}
2024-08-12 21:02:07.709  INFO 20192 --- [main] com.zaxxer.hikari.HikariDataSource       : HikariPool-1 - Starting...
2024-08-12 21:02:08.423  INFO 20192 --- [main] com.zaxxer.hikari.HikariDataSource       : HikariPool-1 - Start completed.
2024-08-12 21:02:08.450  INFO 20192 --- [main] org.hibernate.dialect.Dialect            : HHH000400: Using dialect: org.hibernate.dialect.SQLServerDialect
2024-08-12 21:02:09.502  INFO 20192 --- [main] o.h.e.t.j.p.i.JtaPlatformInitiator       : HHH000490: Using JtaPlatform implementation: [org.hibernate.engine.transaction.jta.platform.internal.NoJtaPlatform]
2024-08-12 21:02:09.515  INFO 20192 --- [main] j.LocalContainerEntityManagerFactoryBean : Initialized JPA EntityManagerFactory for persistence unit 'default'
2024-08-12 21:02:09.581  WARN 20192 --- [main] JpaBaseConfiguration$JpaWebConfiguration : spring.jpa.open-in-view is enabled by default. Therefore, database queries may be performed during view rendering. Explicitly configure spring.jpa.open-in-view to disable this warning
2024-08-12 21:02:10.738  INFO 20192 --- [main] pertySourcedRequestMappingHandlerMapping : Mapped URL path [/v2/api-docs] onto method [springfox.documentation.swagger2.web.Swagger2Controller#getDocumentation(String, HttpServletRequest)]
2024-08-12 21:02:10.957  INFO 20192 --- [main] o.s.s.web.DefaultSecurityFilterChain     : Will secure any request with [org.springframework.security.web.session.DisableEncodeUrlFilter@36d1ac55, org.springframework.security.web.context.request.async.WebAsyncManagerIntegrationFilter@3da76d3a, org.springframework.security.web.context.SecurityContextPersistenceFilter@5926f291, org.springframework.security.web.header.HeaderWriterFilter@4a7b42db, org.springframework.security.web.authentication.logout.LogoutFilter@12e5f7cb, org.springframework.security.web.authentication.www.BasicAuthenticationFilter@37b0a724, org.springframework.security.web.savedrequest.RequestCacheAwareFilter@5f0c04d2, org.springframework.security.web.servletapi.SecurityContextHolderAwareRequestFilter@4ff1f872, org.springframework.security.web.authentication.AnonymousAuthenticationFilter@167da81d, org.springframework.security.web.session.SessionManagementFilter@6e6bb211, org.springframework.security.web.access.ExceptionTranslationFilter@d2161b6, org.springframework.security.web.access.intercept.FilterSecurityInterceptor@4a6c33a0]
2024-08-12 21:02:11.663  INFO 20192 --- [main] d.s.w.p.DocumentationPluginsBootstrapper : Context refreshed
2024-08-12 21:02:11.665  INFO 20192 --- [main] d.s.w.p.DocumentationPluginsBootstrapper : Found 1 custom documentation plugin(s)
2024-08-12 21:02:11.676  INFO 20192 --- [main] s.d.s.w.s.ApiListingReferenceScanner     : Scanning for api listing references
2024-08-12 21:02:11.765  INFO 20192 --- [main] c.s.h.HotelreservationApplicationTests   : Started HotelreservationApplicationTests in 6.6 seconds (JVM running for 17.616)
2024-08-12 21:02:11.868  INFO 20192 --- [SpringApplicationShutdownHook] j.LocalContainerEntityManagerFactoryBean : Closing JPA EntityManagerFactory for persistence unit 'default'
2024-08-12 21:02:11.873  INFO 20192 --- [SpringApplicationShutdownHook] com.zaxxer.hikari.HikariDataSource       : HikariPool-1 - Shutdown initiated...
2024-08-12 21:02:11.902  INFO 20192 --- [SpringApplicationShutdownHook] com.zaxxer.hikari.HikariDataSource       : HikariPool-1 - Shutdown completed.
